This is pdfTeX, Version 3.141592653-2.6-1.40.27 (MiKTeX 25.4) (preloaded format=pdflatex 2025.9.6)  27 OCT 2025 16:40
entering extended mode
 restricted \write18 enabled.
 %&-line parsing enabled.
**./Assignment2.tex
(Assignment2.tex
LaTeX2e <2025-06-01> patch level 1
L3 programming layer <2025-08-13>
(IEEEtran.cls
Document Class: IEEEtran 2015/08/26 V1.8b by Michael Shell
-- See the "IEEEtran_HOWTO" manual for usage information.
-- http://www.michaelshell.org/tex/ieeetran/
\@IEEEtrantmpdimenA=\dimen148
\@IEEEtrantmpdimenB=\dimen149
\@IEEEtrantmpdimenC=\dimen150
\@IEEEtrantmpcountA=\count275
\@IEEEtrantmpcountB=\count276
\@IEEEtrantmpcountC=\count277
\@IEEEtrantmptoksA=\toks17
LaTeX Font Info:    Trying to load font information for OT1+ptm on input line 5
03.
(C:\Users\mnrrn\AppData\Local\Programs\MiKTeX\tex/latex/psnfss\ot1ptm.fd
File: ot1ptm.fd 2001/06/04 font definitions for OT1/ptm.
)
-- Using 8.5in x 11in (letter) paper.
-- Using PDF output.
\@IEEEnormalsizeunitybaselineskip=\dimen151
-- This is a 10 point document.
LaTeX Encoding Info:    Redeclaring text command \textunderscore (encoding ?) o
n input line 937.
\CLASSINFOnormalsizebaselineskip=\dimen152
\CLASSINFOnormalsizeunitybaselineskip=\dimen153
\IEEEnormaljot=\dimen154
LaTeX Font Info:    Font shape `OT1/ptm/bx/n' in size <5> not available
(Font)              Font shape `OT1/ptm/b/n' tried instead on input line 1090.
LaTeX Font Info:    Font shape `OT1/ptm/bx/it' in size <5> not available
(Font)              Font shape `OT1/ptm/b/it' tried instead on input line 1090.

LaTeX Font Info:    Font shape `OT1/ptm/bx/n' in size <7> not available
(Font)              Font shape `OT1/ptm/b/n' tried instead on input line 1090.
LaTeX Font Info:    Font shape `OT1/ptm/bx/it' in size <7> not available
(Font)              Font shape `OT1/ptm/b/it' tried instead on input line 1090.

LaTeX Font Info:    Font shape `OT1/ptm/bx/n' in size <8> not available
(Font)              Font shape `OT1/ptm/b/n' tried instead on input line 1090.
LaTeX Font Info:    Font shape `OT1/ptm/bx/it' in size <8> not available
(Font)              Font shape `OT1/ptm/b/it' tried instead on input line 1090.

LaTeX Font Info:    Font shape `OT1/ptm/bx/n' in size <9> not available
(Font)              Font shape `OT1/ptm/b/n' tried instead on input line 1090.
LaTeX Font Info:    Font shape `OT1/ptm/bx/it' in size <9> not available
(Font)              Font shape `OT1/ptm/b/it' tried instead on input line 1090.

LaTeX Font Info:    Font shape `OT1/ptm/bx/n' in size <10> not available
(Font)              Font shape `OT1/ptm/b/n' tried instead on input line 1090.
LaTeX Font Info:    Font shape `OT1/ptm/bx/it' in size <10> not available
(Font)              Font shape `OT1/ptm/b/it' tried instead on input line 1090.

LaTeX Font Info:    Font shape `OT1/ptm/bx/n' in size <11> not available
(Font)              Font shape `OT1/ptm/b/n' tried instead on input line 1090.
LaTeX Font Info:    Font shape `OT1/ptm/bx/it' in size <11> not available
(Font)              Font shape `OT1/ptm/b/it' tried instead on input line 1090.

LaTeX Font Info:    Font shape `OT1/ptm/bx/n' in size <12> not available
(Font)              Font shape `OT1/ptm/b/n' tried instead on input line 1090.
LaTeX Font Info:    Font shape `OT1/ptm/bx/it' in size <12> not available
(Font)              Font shape `OT1/ptm/b/it' tried instead on input line 1090.

LaTeX Font Info:    Font shape `OT1/ptm/bx/n' in size <17> not available
(Font)              Font shape `OT1/ptm/b/n' tried instead on input line 1090.
LaTeX Font Info:    Font shape `OT1/ptm/bx/it' in size <17> not available
(Font)              Font shape `OT1/ptm/b/it' tried instead on input line 1090.

LaTeX Font Info:    Font shape `OT1/ptm/bx/n' in size <20> not available
(Font)              Font shape `OT1/ptm/b/n' tried instead on input line 1090.
LaTeX Font Info:    Font shape `OT1/ptm/bx/it' in size <20> not available
(Font)              Font shape `OT1/ptm/b/it' tried instead on input line 1090.

LaTeX Font Info:    Font shape `OT1/ptm/bx/n' in size <24> not available
(Font)              Font shape `OT1/ptm/b/n' tried instead on input line 1090.
LaTeX Font Info:    Font shape `OT1/ptm/bx/it' in size <24> not available
(Font)              Font shape `OT1/ptm/b/it' tried instead on input line 1090.

\IEEEquantizedlength=\dimen155
\IEEEquantizedlengthdiff=\dimen156
\IEEEquantizedtextheightdiff=\dimen157
\IEEEilabelindentA=\dimen158
\IEEEilabelindentB=\dimen159
\IEEEilabelindent=\dimen160
\IEEEelabelindent=\dimen161
\IEEEdlabelindent=\dimen162
\IEEElabelindent=\dimen163
\IEEEiednormlabelsep=\dimen164
\IEEEiedmathlabelsep=\dimen165
\IEEEiedtopsep=\skip49
\c@section=\count278
\c@subsection=\count279
\c@subsubsection=\count280
\c@paragraph=\count281
\c@IEEEsubequation=\count282
\abovecaptionskip=\skip50
\belowcaptionskip=\skip51
\c@figure=\count283
\c@table=\count284
\@IEEEeqnnumcols=\count285
\@IEEEeqncolcnt=\count286
\@IEEEsubeqnnumrollback=\count287
\@IEEEquantizeheightA=\dimen166
\@IEEEquantizeheightB=\dimen167
\@IEEEquantizeheightC=\dimen168
\@IEEEquantizeprevdepth=\dimen169
\@IEEEquantizemultiple=\count288
\@IEEEquantizeboxA=\box53
\@IEEEtmpitemindent=\dimen170
\IEEEPARstartletwidth=\dimen171
\c@IEEEbiography=\count289
\@IEEEtranrubishbin=\box54
)
** ATTENTION: Overriding command lockouts (line 2).
(C:\Users\mnrrn\AppData\Local\Programs\MiKTeX\tex/latex/cite\cite.sty
LaTeX Info: Redefining \cite on input line 302.
LaTeX Info: Redefining \nocite on input line 332.
Package: cite 2015/02/27  v 5.5
)
(C:\Users\mnrrn\AppData\Local\Programs\MiKTeX\tex/latex/amsmath\amsmath.sty
Package: amsmath 2025/06/16 v2.17y AMS math features
\@mathmargin=\skip52

For additional information on amsmath, use the `?' option.
(C:\Users\mnrrn\AppData\Local\Programs\MiKTeX\tex/latex/amsmath\amstext.sty
Package: amstext 2024/11/17 v2.01 AMS text

(C:\Users\mnrrn\AppData\Local\Programs\MiKTeX\tex/latex/amsmath\amsgen.sty
File: amsgen.sty 1999/11/30 v2.0 generic functions
\@emptytoks=\toks18
\ex@=\dimen172
))
(C:\Users\mnrrn\AppData\Local\Programs\MiKTeX\tex/latex/amsmath\amsbsy.sty
Package: amsbsy 1999/11/29 v1.2d Bold Symbols
\pmbraise@=\dimen173
)
(C:\Users\mnrrn\AppData\Local\Programs\MiKTeX\tex/latex/amsmath\amsopn.sty
Package: amsopn 2022/04/08 v2.04 operator names
)
\inf@bad=\count290
LaTeX Info: Redefining \frac on input line 233.
\uproot@=\count291
\leftroot@=\count292
LaTeX Info: Redefining \overline on input line 398.
LaTeX Info: Redefining \colon on input line 409.
\classnum@=\count293
\DOTSCASE@=\count294
LaTeX Info: Redefining \ldots on input line 495.
LaTeX Info: Redefining \dots on input line 498.
LaTeX Info: Redefining \cdots on input line 619.
\Mathstrutbox@=\box55
\strutbox@=\box56
LaTeX Info: Redefining \big on input line 721.
LaTeX Info: Redefining \Big on input line 722.
LaTeX Info: Redefining \bigg on input line 723.
LaTeX Info: Redefining \Bigg on input line 724.
\big@size=\dimen174
LaTeX Font Info:    Redeclaring font encoding OML on input line 742.
LaTeX Font Info:    Redeclaring font encoding OMS on input line 743.
\macc@depth=\count295
LaTeX Info: Redefining \bmod on input line 904.
LaTeX Info: Redefining \pmod on input line 909.
LaTeX Info: Redefining \smash on input line 939.
LaTeX Info: Redefining \relbar on input line 969.
LaTeX Info: Redefining \Relbar on input line 970.
\c@MaxMatrixCols=\count296
\dotsspace@=\muskip17
\c@parentequation=\count297
\dspbrk@lvl=\count298
\tag@help=\toks19
\row@=\count299
\column@=\count300
\maxfields@=\count301
\andhelp@=\toks20
\eqnshift@=\dimen175
\alignsep@=\dimen176
\tagshift@=\dimen177
\tagwidth@=\dimen178
\totwidth@=\dimen179
\lineht@=\dimen180
\@envbody=\toks21
\multlinegap=\skip53
\multlinetaggap=\skip54
\mathdisplay@stack=\toks22
LaTeX Info: Redefining \[ on input line 2949.
LaTeX Info: Redefining \] on input line 2950.
)
(C:\Users\mnrrn\AppData\Local\Programs\MiKTeX\tex/latex/amsfonts\amssymb.sty
Package: amssymb 2013/01/14 v3.01 AMS font symbols

(C:\Users\mnrrn\AppData\Local\Programs\MiKTeX\tex/latex/amsfonts\amsfonts.sty
Package: amsfonts 2013/01/14 v3.01 Basic AMSFonts support
\symAMSa=\mathgroup4
\symAMSb=\mathgroup5
LaTeX Font Info:    Redeclaring math symbol \hbar on input line 98.
LaTeX Font Info:    Overwriting math alphabet `\mathfrak' in version `bold'
(Font)                  U/euf/m/n --> U/euf/b/n on input line 106.
))
(C:\Users\mnrrn\AppData\Local\Programs\MiKTeX\tex/latex/algorithms\algorithmic.
sty
Package: algorithmic 2009/08/24 v0.1 Document Style `algorithmic'
 (C:\Users\mnrrn\AppData\Local\Programs\MiKTeX\tex/latex/base\ifthen.sty
Package: ifthen 2024/03/16 v1.1e Standard LaTeX ifthen package (DPC)
)
(C:\Users\mnrrn\AppData\Local\Programs\MiKTeX\tex/latex/graphics\keyval.sty
Package: keyval 2022/05/29 v1.15 key=value parser (DPC)
\KV@toks@=\toks23
)
\c@ALC@unique=\count302
\c@ALC@line=\count303
\c@ALC@rem=\count304
\c@ALC@depth=\count305
\ALC@tlm=\skip55
\algorithmicindent=\skip56
)
(C:\Users\mnrrn\AppData\Local\Programs\MiKTeX\tex/latex/graphics\graphicx.sty
Package: graphicx 2024/12/31 v1.2e Enhanced LaTeX Graphics (DPC,SPQR)

(C:\Users\mnrrn\AppData\Local\Programs\MiKTeX\tex/latex/graphics\graphics.sty
Package: graphics 2024/08/06 v1.4g Standard LaTeX Graphics (DPC,SPQR)

(C:\Users\mnrrn\AppData\Local\Programs\MiKTeX\tex/latex/graphics\trig.sty
Package: trig 2023/12/02 v1.11 sin cos tan (DPC)
)
(C:\Users\mnrrn\AppData\Local\Programs\MiKTeX\tex/latex/graphics-cfg\graphics.c
fg
File: graphics.cfg 2016/06/04 v1.11 sample graphics configuration
)
Package graphics Info: Driver file: pdftex.def on input line 106.

(C:\Users\mnrrn\AppData\Local\Programs\MiKTeX\tex/latex/graphics-def\pdftex.def
File: pdftex.def 2024/04/13 v1.2c Graphics/color driver for pdftex
))
\Gin@req@height=\dimen181
\Gin@req@width=\dimen182
) (C:\Users\mnrrn\AppData\Local\Programs\MiKTeX\tex/latex/base\textcomp.sty
Package: textcomp 2024/04/24 v2.1b Standard LaTeX package
)
(C:\Users\mnrrn\AppData\Local\Programs\MiKTeX\tex/latex/multirow\multirow.sty
Package: multirow 2024/11/12 v2.9 Span multiple rows of a table
\multirow@colwidth=\skip57
\multirow@cntb=\count306
\multirow@dima=\skip58
\bigstrutjot=\dimen183
)
(C:\Users\mnrrn\AppData\Local\Programs\MiKTeX\tex/latex/xcolor\xcolor.sty
Package: xcolor 2024/09/29 v3.02 LaTeX color extensions (UK)

(C:\Users\mnrrn\AppData\Local\Programs\MiKTeX\tex/latex/graphics-cfg\color.cfg
File: color.cfg 2016/01/02 v1.6 sample color configuration
)
Package xcolor Info: Driver file: pdftex.def on input line 274.
(C:\Users\mnrrn\AppData\Local\Programs\MiKTeX\tex/latex/graphics\mathcolor.ltx)
Package xcolor Info: Model `cmy' substituted by `cmy0' on input line 1349.
Package xcolor Info: Model `hsb' substituted by `rgb' on input line 1353.
Package xcolor Info: Model `RGB' extended on input line 1365.
Package xcolor Info: Model `HTML' substituted by `rgb' on input line 1367.
Package xcolor Info: Model `Hsb' substituted by `hsb' on input line 1368.
Package xcolor Info: Model `tHsb' substituted by `hsb' on input line 1369.
Package xcolor Info: Model `HSB' substituted by `hsb' on input line 1370.
Package xcolor Info: Model `Gray' substituted by `gray' on input line 1371.
Package xcolor Info: Model `wave' substituted by `hsb' on input line 1372.
) (C:\Users\mnrrn\AppData\Local\Programs\MiKTeX\tex/latex/setspace\setspace.sty
Package: setspace 2022/12/04 v6.7b set line spacing
)
(C:\Users\mnrrn\AppData\Local\Programs\MiKTeX\tex/latex/l3backend\l3backend-pdf
tex.def
File: l3backend-pdftex.def 2025-06-09 L3 backend support: PDF output (pdfTeX)
\l__color_backend_stack_int=\count307
) (Assignment2.aux)
\openout1 = `Assignment2.aux'.

LaTeX Font Info:    Checking defaults for OML/cmm/m/it on input line 14.
LaTeX Font Info:    ... okay on input line 14.
LaTeX Font Info:    Checking defaults for OMS/cmsy/m/n on input line 14.
LaTeX Font Info:    ... okay on input line 14.
LaTeX Font Info:    Checking defaults for OT1/cmr/m/n on input line 14.
LaTeX Font Info:    ... okay on input line 14.
LaTeX Font Info:    Checking defaults for T1/cmr/m/n on input line 14.
LaTeX Font Info:    ... okay on input line 14.
LaTeX Font Info:    Checking defaults for TS1/cmr/m/n on input line 14.
LaTeX Font Info:    ... okay on input line 14.
LaTeX Font Info:    Checking defaults for OMX/cmex/m/n on input line 14.
LaTeX Font Info:    ... okay on input line 14.
LaTeX Font Info:    Checking defaults for U/cmr/m/n on input line 14.
LaTeX Font Info:    ... okay on input line 14.

-- Lines per column: 56 (exact).

(C:\Users\mnrrn\AppData\Local\Programs\MiKTeX\tex/context/base/mkii\supp-pdf.mk
ii
[Loading MPS to PDF converter (version 2006.09.02).]
\scratchcounter=\count308
\scratchdimen=\dimen184
\scratchbox=\box57
\nofMPsegments=\count309
\nofMParguments=\count310
\everyMPshowfont=\toks24
\MPscratchCnt=\count311
\MPscratchDim=\dimen185
\MPnumerator=\count312
\makeMPintoPDFobject=\count313
\everyMPtoPDFconversion=\toks25
)
(C:\Users\mnrrn\AppData\Local\Programs\MiKTeX\tex/latex/epstopdf-pkg\epstopdf-b
ase.sty
Package: epstopdf-base 2020-01-24 v2.11 Base part for package epstopdf
Package epstopdf-base Info: Redefining graphics rule for `.eps' on input line 4
85.

(C:\Users\mnrrn\AppData\Local\Programs\MiKTeX\tex/latex/00miktex\epstopdf-sys.c
fg
File: epstopdf-sys.cfg 2021/03/18 v2.0 Configuration of epstopdf for MiKTeX
))
LaTeX Font Info:    Calculating math sizes for size <11> on input line 25.
LaTeX Font Info:    Trying to load font information for U+msa on input line 25.

 (C:\Users\mnrrn\AppData\Local\Programs\MiKTeX\tex/latex/amsfonts\umsa.fd
File: umsa.fd 2013/01/14 v3.01 AMS symbols A
)
LaTeX Font Info:    Trying to load font information for U+msb on input line 25.


(C:\Users\mnrrn\AppData\Local\Programs\MiKTeX\tex/latex/amsfonts\umsb.fd
File: umsb.fd 2013/01/14 v3.01 AMS symbols B
)
Underfull \hbox (badness 1881) in paragraph at lines 39--40
[]\OT1/ptm/m/n/10 Critical chal-lenges in-clude gen-er-al-iz-ing across di-vers
e
 []




Underfull \hbox (badness 1383) in paragraph at lines 49--50
\OT1/ptm/m/n/10 adds Pro-grammable Gra-di-ent In-for-ma-tion (PGI) and the
 []



[1{C:/Users/mnrrn/AppData/Local/MiKTeX/fonts/map/pdftex/pdftex.map}{C:/Users/mn
rrn/AppData/Local/Programs/MiKTeX/fonts/enc/dvips/base/8r.enc}


]

LaTeX Font Info:    Trying to load font information for TS1+ptm on input line 9
3.
(C:\Users\mnrrn\AppData\Local\Programs\MiKTeX\tex/latex/psnfss\ts1ptm.fd
File: ts1ptm.fd 2001/06/04 font definitions for TS1/ptm.
)

[2]
<enhanced_validation_batch16.png, id=13, 1438.4139pt x 859.2903pt>
File: enhanced_validation_batch16.png Graphic file (type png)
<use enhanced_validation_batch16.png>
Package pdftex.def Info: enhanced_validation_batch16.png  used on input line 10
2.
(pdftex.def)             Requested size: 232.19843pt x 138.70863pt.



Underfull \hbox (badness 10000) in paragraph at lines 111--112
[]\OT1/ptm/m/n/10 My cus-tom train-ing pipeline class
 []


Underfull \hbox (badness 10000) in paragraph at lines 111--112
\OT1/ptm/m/n/10 (`YOLOv12CheetahTrainer`) im-ple-ments seed=42 for
 []


Underfull \hbox (badness 3199) in paragraph at lines 111--112
\OT1/ptm/m/n/10 (AMP), and dis-ables mo-saic aug-men-ta-tion in the last
 []


Underfull \hbox (badness 5652) in paragraph at lines 111--112
\OT1/ptm/m/n/10 un-re-al-is-tic spa-tial re-la-tion-ships and bound-ary ar-ti-f
acts.
 []


Underfull \hbox (badness 1509) in paragraph at lines 111--112
\OT1/ptm/m/n/10 bound-ing box ac-cu-racy and re-duc-ing false pos-i-tives by
 []


Underfull \hbox (badness 10000) in paragraph at lines 115--116
[]\OT1/ptm/m/n/10 My im-ple-men-ta-tion uses a cus-tom
 []


Underfull \hbox (badness 3492) in paragraph at lines 115--116
\OT1/ptm/m/n/10 and for-mat com-pli-ance; (2) dataset anal-y-sis|computes
 []


Underfull \hbox (badness 4543) in paragraph at lines 115--116
\OT1/ptm/m/n/10 bound-ing box statis-tics and cre-ates vi-su-al-iza-tions; (3)
 []


Underfull \hbox (badness 5756) in paragraph at lines 115--116
\OT1/ptm/m/n/10 model train-ing|loads COCO-pretrained YOLOv12-nano
 []


Underfull \hbox (badness 3068) in paragraph at lines 115--116
\OT1/ptm/m/n/10 weights and trains for 100 epochs; (4) val-i-da-tion on
 []


Underfull \hbox (badness 7451) in paragraph at lines 115--116
\OT1/ptm/m/n/10 (5) thresh-old sweep|automatically de-ter-mines op-ti-mal
 []


Underfull \hbox (badness 2213) in paragraph at lines 115--116
\OT1/ptm/m/n/10 con-fi-dence thresh-old (0.35) via grid search; (6) model
 []


Underfull \vbox (badness 2277) has occurred while \output is active []



[3 <./enhanced_validation_batch16.png>]

<training_results.png, id=19, 867.24pt x 433.62pt>
File: training_results.png Graphic file (type png)
<use training_results.png>
Package pdftex.def Info: training_results.png  used on input line 140.
(pdftex.def)             Requested size: 232.19843pt x 116.0931pt.

Underfull \hbox (badness 2080) in paragraph at lines 145--146
[]\OT1/ptm/m/n/10 Figure 3[] presents val-i-da-tion ac-cu-racy anal-y-sis acros
s
 []

<validation_curves.png, id=20, 1149.093pt x 859.2903pt>
File: validation_curves.png Graphic file (type png)
<use validation_curves.png>
Package pdftex.def Info: validation_curves.png  used on input line 148.
(pdftex.def)             Requested size: 232.19843pt x 173.6382pt.

Underfull \hbox (badness 3098) in paragraph at lines 155--156
[]\OT1/ptm/m/n/10 Final met-rics from the test set: mAP@0.5: 0.8201,
 []

<enhanced_validation.png, id=21, 1438.4139pt x 859.2903pt>
File: enhanced_validation.png Graphic file (type png)
<use enhanced_validation.png>
Package pdftex.def Info: enhanced_validation.png  used on input line 160.
(pdftex.def)             Requested size: 206.39685pt x 123.28928pt.


[4 <./training_results.png>]


Underfull \hbox (badness 3713) in paragraph at lines 173--174
[]\OT1/ptm/m/n/10 Figure 5[] shows the precision-recall curve achiev-ing
 []

<pr_curve.png, id=30, 650.43pt x 433.62pt>
File: pr_curve.png Graphic file (type png)
<use pr_curve.png>
Package pdftex.def Info: pr_curve.png  used on input line 176.
(pdftex.def)             Requested size: 232.19843pt x 154.79962pt.
<confusion_matrix.png, id=31, 867.24pt x 650.43pt>
File: confusion_matrix.png Graphic file (type png)
<use confusion_matrix.png>
Package pdftex.def Info: confusion_matrix.png  used on input line 184.
(pdftex.def)             Requested size: 180.60315pt x 135.44305pt.
<validation_predictions.png, id=32, 1798.72pt x 1798.72pt>
File: validation_predictions.png Graphic file (type png)
<use validation_predictions.png>
Package pdftex.def Info: validation_predictions.png  used on input line 192.
(pdftex.def)             Requested size: 232.19843pt x 232.19504pt.


[5 <./validation_curves.png> <./enhanced_validation.png> <./pr_curve.png> <./co
nfusion_matrix.png>]



[6 <./validation_predictions.png>]

** Conference Paper **
Before submitting the final camera ready copy, remember to:

 1. Manually equalize the lengths of two columns on the last page
 of your paper;

 2. Ensure that any PostScript and/or PDF output post-processing
 uses only Type 1 fonts and that every step in the generation
 process uses the appropriate paper size.





[7

] (Assignment2.aux)
 ***********
LaTeX2e <2025-06-01> patch level 1
L3 programming layer <2025-08-13>
 ***********


LaTeX Warning: Label(s) may have changed. Rerun to get cross-references right.

 ) 
Here is how much of TeX's memory you used:
 4376 strings out of 468133
 70050 string characters out of 5430713
 482886 words of memory out of 5000000
 32952 multiletter control sequences out of 15000+600000
 663537 words of font info for 114 fonts, out of 8000000 for 9000
 1141 hyphenation exceptions out of 8191
 57i,11n,65p,2180b,336s stack positions out of 10000i,1000n,20000p,200000b,200000s
<C:/Users/mnrrn/AppData/Local/Programs/MiKTeX/fonts/type1/public/amsfonts/cm/
cmmi7.pfb><C:/Users/mnrrn/AppData/Local/Programs/MiKTeX/fonts/type1/public/amsf
onts/cm/cmr10.pfb><C:/Users/mnrrn/AppData/Local/Programs/MiKTeX/fonts/type1/pub
lic/amsfonts/cm/cmr7.pfb><C:/Users/mnrrn/AppData/Local/Programs/MiKTeX/fonts/ty
pe1/public/amsfonts/cm/cmsy10.pfb><C:/Users/mnrrn/AppData/Local/Programs/MiKTeX
/fonts/type1/public/amsfonts/cm/cmsy7.pfb><C:/Users/mnrrn/AppData/Local/Program
s/MiKTeX/fonts/type1/urw/times/utmb8a.pfb><C:/Users/mnrrn/AppData/Local/Program
s/MiKTeX/fonts/type1/urw/times/utmbi8a.pfb><C:/Users/mnrrn/AppData/Local/Progra
ms/MiKTeX/fonts/type1/urw/times/utmr8a.pfb><C:/Users/mnrrn/AppData/Local/Progra
ms/MiKTeX/fonts/type1/urw/times/utmri8a.pfb>
Output written on Assignment2.pdf (7 pages, 3238812 bytes).
PDF statistics:
 86 PDF objects out of 1000 (max. 8388607)
 0 named destinations out of 1000 (max. 500000)
 36 words of extra memory for PDF output out of 10000 (max. 10000000)

